<?xml version="1.0" encoding="UTF-8"?>
<testsuite xmlns:xsi="http://www.w3.org/2001/XMLSchema-instance" xsi:noNamespaceSchemaLocation="https://maven.apache.org/surefire/maven-surefire-plugin/xsd/surefire-test-report.xsd" name="VodTest" time="1.703" tests="6" errors="4" skipped="0" failures="0">
  <properties>
    <property name="sun.desktop" value="windows"/>
    <property name="awt.toolkit" value="sun.awt.windows.WToolkit"/>
    <property name="file.encoding.pkg" value="sun.io"/>
    <property name="java.specification.version" value="1.8"/>
    <property name="sun.cpu.isalist" value="amd64"/>
    <property name="sun.jnu.encoding" value="GBK"/>
    <property name="java.class.path" value="F:\IDEA\discrete\discrete-service\service-video\target\test-classes;F:\IDEA\discrete\discrete-service\service-video\target\classes;F:\Maven\Maven-repo\com\aliyun\aliyun-java-sdk-vod\2.15.11\aliyun-java-sdk-vod-2.15.11.jar;F:\Maven\Maven-repo\com\aliyun\aliyun-java-sdk-kms\2.10.1\aliyun-java-sdk-kms-2.10.1.jar;F:\Maven\Maven-repo\com\aliyun\aliyun-java-sdk-core\4.5.1\aliyun-java-sdk-core-4.5.1.jar;F:\Maven\Maven-repo\org\apache\httpcomponents\httpcore\4.4.12\httpcore-4.4.12.jar;F:\Maven\Maven-repo\commons-logging\commons-logging\1.2\commons-logging-1.2.jar;F:\Maven\Maven-repo\javax\xml\bind\jaxb-api\2.3.1\jaxb-api-2.3.1.jar;F:\Maven\Maven-repo\javax\activation\javax.activation-api\1.2.0\javax.activation-api-1.2.0.jar;F:\Maven\Maven-repo\org\jacoco\org.jacoco.agent\0.8.5\org.jacoco.agent-0.8.5-runtime.jar;F:\Maven\Maven-repo\org\ini4j\ini4j\0.5.4\ini4j-0.5.4.jar;F:\Maven\Maven-repo\org\slf4j\slf4j-api\1.7.29\slf4j-api-1.7.29.jar;F:\Maven\Maven-repo\io\opentracing\opentracing-api\0.33.0\opentracing-api-0.33.0.jar;F:\Maven\Maven-repo\io\opentracing\opentracing-util\0.33.0\opentracing-util-0.33.0.jar;F:\Maven\Maven-repo\io\opentracing\opentracing-noop\0.33.0\opentracing-noop-0.33.0.jar;F:\Maven\Maven-repo\com\aliyun\oss\aliyun-sdk-oss\3.10.2\aliyun-sdk-oss-3.10.2.jar;F:\Maven\Maven-repo\org\jdom\jdom2\2.0.6\jdom2-2.0.6.jar;F:\Maven\Maven-repo\org\codehaus\jettison\jettison\1.1\jettison-1.1.jar;F:\Maven\Maven-repo\stax\stax-api\1.0.1\stax-api-1.0.1.jar;F:\Maven\Maven-repo\com\aliyun\aliyun-java-sdk-ram\3.0.0\aliyun-java-sdk-ram-3.0.0.jar;F:\Maven\Maven-repo\com\aliyun\aliyun-java-sdk-sts\3.0.0\aliyun-java-sdk-sts-3.0.0.jar;F:\Maven\Maven-repo\com\aliyun\aliyun-java-sdk-ecs\4.2.0\aliyun-java-sdk-ecs-4.2.0.jar;F:\Maven\Maven-repo\com\alibaba\fastjson\1.2.28\fastjson-1.2.28.jar;F:\Maven\Maven-repo\org\json\json\20170516\json-20170516.jar;F:\Maven\Maven-repo\com\google\code\gson\gson\2.8.2\gson-2.8.2.jar;F:\Maven\Maven-repo\com\aliyun\aliyun-java-vod-upload\1.4.14\aliyun-java-vod-upload-1.4.14.jar;F:\IDEA\discrete\discrete-common\target\discrete-common-0.0.1-SNAPSHOT.jar;F:\Maven\Maven-repo\org\springframework\boot\spring-boot-starter-data-redis\2.2.1.RELEASE\spring-boot-starter-data-redis-2.2.1.RELEASE.jar;F:\Maven\Maven-repo\org\springframework\data\spring-data-redis\2.2.1.RELEASE\spring-data-redis-2.2.1.RELEASE.jar;F:\Maven\Maven-repo\org\springframework\data\spring-data-keyvalue\2.2.1.RELEASE\spring-data-keyvalue-2.2.1.RELEASE.jar;F:\Maven\Maven-repo\org\springframework\data\spring-data-commons\2.2.1.RELEASE\spring-data-commons-2.2.1.RELEASE.jar;F:\Maven\Maven-repo\org\springframework\spring-tx\5.2.1.RELEASE\spring-tx-5.2.1.RELEASE.jar;F:\Maven\Maven-repo\org\springframework\spring-oxm\5.2.1.RELEASE\spring-oxm-5.2.1.RELEASE.jar;F:\Maven\Maven-repo\org\springframework\spring-context-support\5.2.1.RELEASE\spring-context-support-5.2.1.RELEASE.jar;F:\Maven\Maven-repo\io\lettuce\lettuce-core\5.2.1.RELEASE\lettuce-core-5.2.1.RELEASE.jar;F:\Maven\Maven-repo\io\netty\netty-common\4.1.43.Final\netty-common-4.1.43.Final.jar;F:\Maven\Maven-repo\io\netty\netty-handler\4.1.43.Final\netty-handler-4.1.43.Final.jar;F:\Maven\Maven-repo\io\netty\netty-buffer\4.1.43.Final\netty-buffer-4.1.43.Final.jar;F:\Maven\Maven-repo\io\netty\netty-codec\4.1.43.Final\netty-codec-4.1.43.Final.jar;F:\Maven\Maven-repo\io\netty\netty-transport\4.1.43.Final\netty-transport-4.1.43.Final.jar;F:\Maven\Maven-repo\io\netty\netty-resolver\4.1.43.Final\netty-resolver-4.1.43.Final.jar;F:\Maven\Maven-repo\io\projectreactor\reactor-core\3.3.0.RELEASE\reactor-core-3.3.0.RELEASE.jar;F:\Maven\Maven-repo\org\apache\commons\commons-pool2\2.7.0\commons-pool2-2.7.0.jar;F:\Maven\Maven-repo\io\jsonwebtoken\jjwt\0.7.0\jjwt-0.7.0.jar;F:\Maven\Maven-repo\com\fasterxml\jackson\core\jackson-databind\2.10.0\jackson-databind-2.10.0.jar;F:\Maven\Maven-repo\org\springframework\cloud\spring-cloud-starter-netflix-ribbon\2.2.0.RELEASE\spring-cloud-starter-netflix-ribbon-2.2.0.RELEASE.jar;F:\Maven\Maven-repo\org\springframework\cloud\spring-cloud-starter\2.2.0.RELEASE\spring-cloud-starter-2.2.0.RELEASE.jar;F:\Maven\Maven-repo\org\springframework\cloud\spring-cloud-context\2.2.0.RELEASE\spring-cloud-context-2.2.0.RELEASE.jar;F:\Maven\Maven-repo\org\springframework\security\spring-security-rsa\1.0.7.RELEASE\spring-security-rsa-1.0.7.RELEASE.jar;F:\Maven\Maven-repo\org\bouncycastle\bcpkix-jdk15on\1.60\bcpkix-jdk15on-1.60.jar;F:\Maven\Maven-repo\org\bouncycastle\bcprov-jdk15on\1.60\bcprov-jdk15on-1.60.jar;F:\Maven\Maven-repo\org\springframework\cloud\spring-cloud-netflix-ribbon\2.2.0.RELEASE\spring-cloud-netflix-ribbon-2.2.0.RELEASE.jar;F:\Maven\Maven-repo\org\springframework\cloud\spring-cloud-netflix-archaius\2.2.0.RELEASE\spring-cloud-netflix-archaius-2.2.0.RELEASE.jar;F:\Maven\Maven-repo\org\springframework\cloud\spring-cloud-starter-netflix-archaius\2.2.0.RELEASE\spring-cloud-starter-netflix-archaius-2.2.0.RELEASE.jar;F:\Maven\Maven-repo\com\netflix\archaius\archaius-core\0.7.6\archaius-core-0.7.6.jar;F:\Maven\Maven-repo\com\google\code\findbugs\jsr305\3.0.1\jsr305-3.0.1.jar;F:\Maven\Maven-repo\commons-configuration\commons-configuration\1.8\commons-configuration-1.8.jar;F:\Maven\Maven-repo\com\netflix\ribbon\ribbon\2.3.0\ribbon-2.3.0.jar;F:\Maven\Maven-repo\com\netflix\ribbon\ribbon-transport\2.3.0\ribbon-transport-2.3.0.jar;F:\Maven\Maven-repo\io\reactivex\rxnetty-contexts\0.4.9\rxnetty-contexts-0.4.9.jar;F:\Maven\Maven-repo\io\reactivex\rxnetty-servo\0.4.9\rxnetty-servo-0.4.9.jar;F:\Maven\Maven-repo\javax\inject\javax.inject\1\javax.inject-1.jar;F:\Maven\Maven-repo\io\reactivex\rxnetty\0.4.9\rxnetty-0.4.9.jar;F:\Maven\Maven-repo\com\netflix\ribbon\ribbon-core\2.3.0\ribbon-core-2.3.0.jar;F:\Maven\Maven-repo\commons-lang\commons-lang\2.6\commons-lang-2.6.jar;F:\Maven\Maven-repo\com\netflix\ribbon\ribbon-httpclient\2.3.0\ribbon-httpclient-2.3.0.jar;F:\Maven\Maven-repo\commons-collections\commons-collections\3.2.2\commons-collections-3.2.2.jar;F:\Maven\Maven-repo\com\sun\jersey\jersey-client\1.19.1\jersey-client-1.19.1.jar;F:\Maven\Maven-repo\com\sun\jersey\jersey-core\1.19.1\jersey-core-1.19.1.jar;F:\Maven\Maven-repo\javax\ws\rs\jsr311-api\1.1.1\jsr311-api-1.1.1.jar;F:\Maven\Maven-repo\com\sun\jersey\contribs\jersey-apache-client4\1.19.1\jersey-apache-client4-1.19.1.jar;F:\Maven\Maven-repo\com\netflix\servo\servo-core\0.12.21\servo-core-0.12.21.jar;F:\Maven\Maven-repo\com\netflix\netflix-commons\netflix-commons-util\0.3.0\netflix-commons-util-0.3.0.jar;F:\Maven\Maven-repo\com\netflix\ribbon\ribbon-loadbalancer\2.3.0\ribbon-loadbalancer-2.3.0.jar;F:\Maven\Maven-repo\com\netflix\netflix-commons\netflix-statistics\0.1.1\netflix-statistics-0.1.1.jar;F:\Maven\Maven-repo\io\reactivex\rxjava\1.3.8\rxjava-1.3.8.jar;F:\Maven\Maven-repo\org\springframework\cloud\spring-cloud-starter-netflix-hystrix\2.2.0.RELEASE\spring-cloud-starter-netflix-hystrix-2.2.0.RELEASE.jar;F:\Maven\Maven-repo\org\springframework\cloud\spring-cloud-netflix-hystrix\2.2.0.RELEASE\spring-cloud-netflix-hystrix-2.2.0.RELEASE.jar;F:\Maven\Maven-repo\org\springframework\boot\spring-boot-starter-aop\2.2.1.RELEASE\spring-boot-starter-aop-2.2.1.RELEASE.jar;F:\Maven\Maven-repo\com\netflix\hystrix\hystrix-core\1.5.18\hystrix-core-1.5.18.jar;F:\Maven\Maven-repo\org\hdrhistogram\HdrHistogram\2.1.9\HdrHistogram-2.1.9.jar;F:\Maven\Maven-repo\com\netflix\hystrix\hystrix-serialization\1.5.18\hystrix-serialization-1.5.18.jar;F:\Maven\Maven-repo\com\fasterxml\jackson\module\jackson-module-afterburner\2.10.0\jackson-module-afterburner-2.10.0.jar;F:\Maven\Maven-repo\com\fasterxml\jackson\core\jackson-core\2.10.0\jackson-core-2.10.0.jar;F:\Maven\Maven-repo\com\fasterxml\jackson\core\jackson-annotations\2.10.0\jackson-annotations-2.10.0.jar;F:\Maven\Maven-repo\com\netflix\hystrix\hystrix-metrics-event-stream\1.5.18\hystrix-metrics-event-stream-1.5.18.jar;F:\Maven\Maven-repo\com\netflix\hystrix\hystrix-javanica\1.5.18\hystrix-javanica-1.5.18.jar;F:\Maven\Maven-repo\org\ow2\asm\asm\5.0.4\asm-5.0.4.jar;F:\Maven\Maven-repo\org\aspectj\aspectjweaver\1.9.4\aspectjweaver-1.9.4.jar;F:\Maven\Maven-repo\io\reactivex\rxjava-reactive-streams\1.2.1\rxjava-reactive-streams-1.2.1.jar;F:\Maven\Maven-repo\org\reactivestreams\reactive-streams\1.0.3\reactive-streams-1.0.3.jar;F:\Maven\Maven-repo\org\springframework\cloud\spring-cloud-starter-alibaba-nacos-discovery\0.2.2.RELEASE\spring-cloud-starter-alibaba-nacos-discovery-0.2.2.RELEASE.jar;F:\Maven\Maven-repo\org\springframework\cloud\spring-cloud-alibaba-nacos-discovery\0.2.2.RELEASE\spring-cloud-alibaba-nacos-discovery-0.2.2.RELEASE.jar;F:\Maven\Maven-repo\com\alibaba\nacos\nacos-client\1.0.0\nacos-client-1.0.0.jar;F:\Maven\Maven-repo\com\alibaba\nacos\nacos-common\1.0.0\nacos-common-1.0.0.jar;F:\Maven\Maven-repo\com\alibaba\nacos\nacos-api\1.0.0\nacos-api-1.0.0.jar;F:\Maven\Maven-repo\io\prometheus\simpleclient\0.5.0\simpleclient-0.5.0.jar;F:\Maven\Maven-repo\org\springframework\cloud\spring-cloud-starter-openfeign\2.2.0.RELEASE\spring-cloud-starter-openfeign-2.2.0.RELEASE.jar;F:\Maven\Maven-repo\org\springframework\cloud\spring-cloud-openfeign-core\2.2.0.RELEASE\spring-cloud-openfeign-core-2.2.0.RELEASE.jar;F:\Maven\Maven-repo\io\github\openfeign\form\feign-form-spring\3.8.0\feign-form-spring-3.8.0.jar;F:\Maven\Maven-repo\io\github\openfeign\form\feign-form\3.8.0\feign-form-3.8.0.jar;F:\Maven\Maven-repo\org\springframework\spring-web\5.2.1.RELEASE\spring-web-5.2.1.RELEASE.jar;F:\Maven\Maven-repo\org\springframework\spring-beans\5.2.1.RELEASE\spring-beans-5.2.1.RELEASE.jar;F:\Maven\Maven-repo\org\springframework\spring-core\5.2.1.RELEASE\spring-core-5.2.1.RELEASE.jar;F:\Maven\Maven-repo\org\springframework\spring-jcl\5.2.1.RELEASE\spring-jcl-5.2.1.RELEASE.jar;F:\Maven\Maven-repo\org\springframework\cloud\spring-cloud-commons\2.2.0.RELEASE\spring-cloud-commons-2.2.0.RELEASE.jar;F:\Maven\Maven-repo\org\springframework\security\spring-security-crypto\5.2.1.RELEASE\spring-security-crypto-5.2.1.RELEASE.jar;F:\Maven\Maven-repo\io\github\openfeign\feign-core\10.4.0\feign-core-10.4.0.jar;F:\Maven\Maven-repo\io\github\openfeign\feign-slf4j\10.4.0\feign-slf4j-10.4.0.jar;F:\Maven\Maven-repo\io\github\openfeign\feign-hystrix\10.4.0\feign-hystrix-10.4.0.jar;F:\Maven\Maven-repo\org\springframework\boot\spring-boot-starter-web\2.2.1.RELEASE\spring-boot-starter-web-2.2.1.RELEASE.jar;F:\Maven\Maven-repo\org\springframework\boot\spring-boot-starter\2.2.1.RELEASE\spring-boot-starter-2.2.1.RELEASE.jar;F:\Maven\Maven-repo\org\springframework\boot\spring-boot\2.2.1.RELEASE\spring-boot-2.2.1.RELEASE.jar;F:\Maven\Maven-repo\org\springframework\boot\spring-boot-starter-logging\2.2.1.RELEASE\spring-boot-starter-logging-2.2.1.RELEASE.jar;F:\Maven\Maven-repo\ch\qos\logback\logback-classic\1.2.3\logback-classic-1.2.3.jar;F:\Maven\Maven-repo\ch\qos\logback\logback-core\1.2.3\logback-core-1.2.3.jar;F:\Maven\Maven-repo\org\apache\logging\log4j\log4j-to-slf4j\2.12.1\log4j-to-slf4j-2.12.1.jar;F:\Maven\Maven-repo\org\apache\logging\log4j\log4j-api\2.12.1\log4j-api-2.12.1.jar;F:\Maven\Maven-repo\org\slf4j\jul-to-slf4j\1.7.29\jul-to-slf4j-1.7.29.jar;F:\Maven\Maven-repo\jakarta\annotation\jakarta.annotation-api\1.3.5\jakarta.annotation-api-1.3.5.jar;F:\Maven\Maven-repo\org\yaml\snakeyaml\1.25\snakeyaml-1.25.jar;F:\Maven\Maven-repo\org\springframework\boot\spring-boot-starter-json\2.2.1.RELEASE\spring-boot-starter-json-2.2.1.RELEASE.jar;F:\Maven\Maven-repo\com\fasterxml\jackson\datatype\jackson-datatype-jdk8\2.10.0\jackson-datatype-jdk8-2.10.0.jar;F:\Maven\Maven-repo\com\fasterxml\jackson\datatype\jackson-datatype-jsr310\2.10.0\jackson-datatype-jsr310-2.10.0.jar;F:\Maven\Maven-repo\com\fasterxml\jackson\module\jackson-module-parameter-names\2.10.0\jackson-module-parameter-names-2.10.0.jar;F:\Maven\Maven-repo\org\springframework\boot\spring-boot-starter-tomcat\2.2.1.RELEASE\spring-boot-starter-tomcat-2.2.1.RELEASE.jar;F:\Maven\Maven-repo\org\apache\tomcat\embed\tomcat-embed-core\9.0.27\tomcat-embed-core-9.0.27.jar;F:\Maven\Maven-repo\org\apache\tomcat\embed\tomcat-embed-el\9.0.27\tomcat-embed-el-9.0.27.jar;F:\Maven\Maven-repo\org\apache\tomcat\embed\tomcat-embed-websocket\9.0.27\tomcat-embed-websocket-9.0.27.jar;F:\Maven\Maven-repo\org\springframework\boot\spring-boot-starter-validation\2.2.1.RELEASE\spring-boot-starter-validation-2.2.1.RELEASE.jar;F:\Maven\Maven-repo\jakarta\validation\jakarta.validation-api\2.0.1\jakarta.validation-api-2.0.1.jar;F:\Maven\Maven-repo\org\hibernate\validator\hibernate-validator\6.0.18.Final\hibernate-validator-6.0.18.Final.jar;F:\Maven\Maven-repo\org\jboss\logging\jboss-logging\3.4.1.Final\jboss-logging-3.4.1.Final.jar;F:\Maven\Maven-repo\org\springframework\spring-webmvc\5.2.1.RELEASE\spring-webmvc-5.2.1.RELEASE.jar;F:\Maven\Maven-repo\org\springframework\spring-aop\5.2.1.RELEASE\spring-aop-5.2.1.RELEASE.jar;F:\Maven\Maven-repo\org\springframework\spring-context\5.2.1.RELEASE\spring-context-5.2.1.RELEASE.jar;F:\Maven\Maven-repo\org\springframework\spring-expression\5.2.1.RELEASE\spring-expression-5.2.1.RELEASE.jar;F:\Maven\Maven-repo\com\baomidou\mybatis-plus-boot-starter\3.0.7\mybatis-plus-boot-starter-3.0.7.jar;F:\Maven\Maven-repo\com\baomidou\mybatis-plus\3.0.7\mybatis-plus-3.0.7.jar;F:\Maven\Maven-repo\org\springframework\boot\spring-boot-autoconfigure\2.2.1.RELEASE\spring-boot-autoconfigure-2.2.1.RELEASE.jar;F:\Maven\Maven-repo\org\springframework\boot\spring-boot-starter-jdbc\2.2.1.RELEASE\spring-boot-starter-jdbc-2.2.1.RELEASE.jar;F:\Maven\Maven-repo\com\zaxxer\HikariCP\3.4.1\HikariCP-3.4.1.jar;F:\Maven\Maven-repo\org\springframework\spring-jdbc\5.2.1.RELEASE\spring-jdbc-5.2.1.RELEASE.jar;F:\Maven\Maven-repo\com\baomidou\mybatis-plus-generator\3.0.7\mybatis-plus-generator-3.0.7.jar;F:\Maven\Maven-repo\com\baomidou\mybatis-plus-extension\3.0.7\mybatis-plus-extension-3.0.7.jar;F:\Maven\Maven-repo\com\baomidou\mybatis-plus-core\3.0.7\mybatis-plus-core-3.0.7.jar;F:\Maven\Maven-repo\com\baomidou\mybatis-plus-annotation\3.0.7\mybatis-plus-annotation-3.0.7.jar;F:\Maven\Maven-repo\com\github\jsqlparser\jsqlparser\1.3\jsqlparser-1.3.jar;F:\Maven\Maven-repo\org\mybatis\mybatis-spring\1.3.2\mybatis-spring-1.3.2.jar;F:\Maven\Maven-repo\org\mybatis\mybatis\3.4.6\mybatis-3.4.6.jar;F:\Maven\Maven-repo\mysql\mysql-connector-java\8.0.18\mysql-connector-java-8.0.18.jar;F:\Maven\Maven-repo\org\apache\velocity\velocity-engine-core\2.0\velocity-engine-core-2.0.jar;F:\Maven\Maven-repo\org\apache\commons\commons-lang3\3.9\commons-lang3-3.9.jar;F:\Maven\Maven-repo\io\springfox\springfox-swagger2\2.9.2\springfox-swagger2-2.9.2.jar;F:\Maven\Maven-repo\io\swagger\swagger-annotations\1.5.20\swagger-annotations-1.5.20.jar;F:\Maven\Maven-repo\io\swagger\swagger-models\1.5.20\swagger-models-1.5.20.jar;F:\Maven\Maven-repo\io\springfox\springfox-spi\2.9.2\springfox-spi-2.9.2.jar;F:\Maven\Maven-repo\io\springfox\springfox-core\2.9.2\springfox-core-2.9.2.jar;F:\Maven\Maven-repo\net\bytebuddy\byte-buddy\1.10.2\byte-buddy-1.10.2.jar;F:\Maven\Maven-repo\io\springfox\springfox-schema\2.9.2\springfox-schema-2.9.2.jar;F:\Maven\Maven-repo\io\springfox\springfox-swagger-common\2.9.2\springfox-swagger-common-2.9.2.jar;F:\Maven\Maven-repo\io\springfox\springfox-spring-web\2.9.2\springfox-spring-web-2.9.2.jar;F:\Maven\Maven-repo\com\google\guava\guava\20.0\guava-20.0.jar;F:\Maven\Maven-repo\com\fasterxml\classmate\1.5.1\classmate-1.5.1.jar;F:\Maven\Maven-repo\org\springframework\plugin\spring-plugin-core\1.2.0.RELEASE\spring-plugin-core-1.2.0.RELEASE.jar;F:\Maven\Maven-repo\org\springframework\plugin\spring-plugin-metadata\1.2.0.RELEASE\spring-plugin-metadata-1.2.0.RELEASE.jar;F:\Maven\Maven-repo\org\mapstruct\mapstruct\1.2.0.Final\mapstruct-1.2.0.Final.jar;F:\Maven\Maven-repo\io\springfox\springfox-swagger-ui\2.9.2\springfox-swagger-ui-2.9.2.jar;F:\Maven\Maven-repo\org\projectlombok\lombok\1.18.10\lombok-1.18.10.jar;F:\Maven\Maven-repo\org\apache\poi\poi\3.17\poi-3.17.jar;F:\Maven\Maven-repo\commons-codec\commons-codec\1.13\commons-codec-1.13.jar;F:\Maven\Maven-repo\org\apache\commons\commons-collections4\4.1\commons-collections4-4.1.jar;F:\Maven\Maven-repo\org\apache\poi\poi-ooxml\3.17\poi-ooxml-3.17.jar;F:\Maven\Maven-repo\org\apache\poi\poi-ooxml-schemas\3.17\poi-ooxml-schemas-3.17.jar;F:\Maven\Maven-repo\org\apache\xmlbeans\xmlbeans\2.6.0\xmlbeans-2.6.0.jar;F:\Maven\Maven-repo\com\github\virtuald\curvesapi\1.04\curvesapi-1.04.jar;F:\Maven\Maven-repo\commons-fileupload\commons-fileupload\1.3.1\commons-fileupload-1.3.1.jar;F:\Maven\Maven-repo\org\apache\httpcomponents\httpclient\4.5.1\httpclient-4.5.1.jar;F:\Maven\Maven-repo\commons-io\commons-io\2.6\commons-io-2.6.jar;F:\Maven\Maven-repo\junit\junit\4.12\junit-4.12.jar;F:\Maven\Maven-repo\org\hamcrest\hamcrest-core\2.1\hamcrest-core-2.1.jar;F:\Maven\Maven-repo\org\hamcrest\hamcrest\2.1\hamcrest-2.1.jar;"/>
    <property name="java.vm.vendor" value="Oracle Corporation"/>
    <property name="sun.arch.data.model" value="64"/>
    <property name="user.variant" value=""/>
    <property name="java.vendor.url" value="http://java.oracle.com/"/>
    <property name="user.timezone" value="Asia/Shanghai"/>
    <property name="java.vm.specification.version" value="1.8"/>
    <property name="os.name" value="Windows 10"/>
    <property name="user.country" value="CN"/>
    <property name="sun.java.launcher" value="SUN_STANDARD"/>
    <property name="sun.boot.library.path" value="C:\Program Files\Java\jdk1.8.0_92\jre\bin"/>
    <property name="sun.java.command" value="C:\Users\lenovo\AppData\Local\Temp\surefire5590067017305078267\surefirebooter3660045909383685924.jar C:\Users\lenovo\AppData\Local\Temp\surefire5590067017305078267 2023-03-11T12-27-40_450-jvmRun1 surefire4429702201261947776tmp surefire_07148686424711110105tmp"/>
    <property name="surefire.test.class.path" value="F:\IDEA\discrete\discrete-service\service-video\target\test-classes;F:\IDEA\discrete\discrete-service\service-video\target\classes;F:\Maven\Maven-repo\com\aliyun\aliyun-java-sdk-vod\2.15.11\aliyun-java-sdk-vod-2.15.11.jar;F:\Maven\Maven-repo\com\aliyun\aliyun-java-sdk-kms\2.10.1\aliyun-java-sdk-kms-2.10.1.jar;F:\Maven\Maven-repo\com\aliyun\aliyun-java-sdk-core\4.5.1\aliyun-java-sdk-core-4.5.1.jar;F:\Maven\Maven-repo\org\apache\httpcomponents\httpcore\4.4.12\httpcore-4.4.12.jar;F:\Maven\Maven-repo\commons-logging\commons-logging\1.2\commons-logging-1.2.jar;F:\Maven\Maven-repo\javax\xml\bind\jaxb-api\2.3.1\jaxb-api-2.3.1.jar;F:\Maven\Maven-repo\javax\activation\javax.activation-api\1.2.0\javax.activation-api-1.2.0.jar;F:\Maven\Maven-repo\org\jacoco\org.jacoco.agent\0.8.5\org.jacoco.agent-0.8.5-runtime.jar;F:\Maven\Maven-repo\org\ini4j\ini4j\0.5.4\ini4j-0.5.4.jar;F:\Maven\Maven-repo\org\slf4j\slf4j-api\1.7.29\slf4j-api-1.7.29.jar;F:\Maven\Maven-repo\io\opentracing\opentracing-api\0.33.0\opentracing-api-0.33.0.jar;F:\Maven\Maven-repo\io\opentracing\opentracing-util\0.33.0\opentracing-util-0.33.0.jar;F:\Maven\Maven-repo\io\opentracing\opentracing-noop\0.33.0\opentracing-noop-0.33.0.jar;F:\Maven\Maven-repo\com\aliyun\oss\aliyun-sdk-oss\3.10.2\aliyun-sdk-oss-3.10.2.jar;F:\Maven\Maven-repo\org\jdom\jdom2\2.0.6\jdom2-2.0.6.jar;F:\Maven\Maven-repo\org\codehaus\jettison\jettison\1.1\jettison-1.1.jar;F:\Maven\Maven-repo\stax\stax-api\1.0.1\stax-api-1.0.1.jar;F:\Maven\Maven-repo\com\aliyun\aliyun-java-sdk-ram\3.0.0\aliyun-java-sdk-ram-3.0.0.jar;F:\Maven\Maven-repo\com\aliyun\aliyun-java-sdk-sts\3.0.0\aliyun-java-sdk-sts-3.0.0.jar;F:\Maven\Maven-repo\com\aliyun\aliyun-java-sdk-ecs\4.2.0\aliyun-java-sdk-ecs-4.2.0.jar;F:\Maven\Maven-repo\com\alibaba\fastjson\1.2.28\fastjson-1.2.28.jar;F:\Maven\Maven-repo\org\json\json\20170516\json-20170516.jar;F:\Maven\Maven-repo\com\google\code\gson\gson\2.8.2\gson-2.8.2.jar;F:\Maven\Maven-repo\com\aliyun\aliyun-java-vod-upload\1.4.14\aliyun-java-vod-upload-1.4.14.jar;F:\IDEA\discrete\discrete-common\target\discrete-common-0.0.1-SNAPSHOT.jar;F:\Maven\Maven-repo\org\springframework\boot\spring-boot-starter-data-redis\2.2.1.RELEASE\spring-boot-starter-data-redis-2.2.1.RELEASE.jar;F:\Maven\Maven-repo\org\springframework\data\spring-data-redis\2.2.1.RELEASE\spring-data-redis-2.2.1.RELEASE.jar;F:\Maven\Maven-repo\org\springframework\data\spring-data-keyvalue\2.2.1.RELEASE\spring-data-keyvalue-2.2.1.RELEASE.jar;F:\Maven\Maven-repo\org\springframework\data\spring-data-commons\2.2.1.RELEASE\spring-data-commons-2.2.1.RELEASE.jar;F:\Maven\Maven-repo\org\springframework\spring-tx\5.2.1.RELEASE\spring-tx-5.2.1.RELEASE.jar;F:\Maven\Maven-repo\org\springframework\spring-oxm\5.2.1.RELEASE\spring-oxm-5.2.1.RELEASE.jar;F:\Maven\Maven-repo\org\springframework\spring-context-support\5.2.1.RELEASE\spring-context-support-5.2.1.RELEASE.jar;F:\Maven\Maven-repo\io\lettuce\lettuce-core\5.2.1.RELEASE\lettuce-core-5.2.1.RELEASE.jar;F:\Maven\Maven-repo\io\netty\netty-common\4.1.43.Final\netty-common-4.1.43.Final.jar;F:\Maven\Maven-repo\io\netty\netty-handler\4.1.43.Final\netty-handler-4.1.43.Final.jar;F:\Maven\Maven-repo\io\netty\netty-buffer\4.1.43.Final\netty-buffer-4.1.43.Final.jar;F:\Maven\Maven-repo\io\netty\netty-codec\4.1.43.Final\netty-codec-4.1.43.Final.jar;F:\Maven\Maven-repo\io\netty\netty-transport\4.1.43.Final\netty-transport-4.1.43.Final.jar;F:\Maven\Maven-repo\io\netty\netty-resolver\4.1.43.Final\netty-resolver-4.1.43.Final.jar;F:\Maven\Maven-repo\io\projectreactor\reactor-core\3.3.0.RELEASE\reactor-core-3.3.0.RELEASE.jar;F:\Maven\Maven-repo\org\apache\commons\commons-pool2\2.7.0\commons-pool2-2.7.0.jar;F:\Maven\Maven-repo\io\jsonwebtoken\jjwt\0.7.0\jjwt-0.7.0.jar;F:\Maven\Maven-repo\com\fasterxml\jackson\core\jackson-databind\2.10.0\jackson-databind-2.10.0.jar;F:\Maven\Maven-repo\org\springframework\cloud\spring-cloud-starter-netflix-ribbon\2.2.0.RELEASE\spring-cloud-starter-netflix-ribbon-2.2.0.RELEASE.jar;F:\Maven\Maven-repo\org\springframework\cloud\spring-cloud-starter\2.2.0.RELEASE\spring-cloud-starter-2.2.0.RELEASE.jar;F:\Maven\Maven-repo\org\springframework\cloud\spring-cloud-context\2.2.0.RELEASE\spring-cloud-context-2.2.0.RELEASE.jar;F:\Maven\Maven-repo\org\springframework\security\spring-security-rsa\1.0.7.RELEASE\spring-security-rsa-1.0.7.RELEASE.jar;F:\Maven\Maven-repo\org\bouncycastle\bcpkix-jdk15on\1.60\bcpkix-jdk15on-1.60.jar;F:\Maven\Maven-repo\org\bouncycastle\bcprov-jdk15on\1.60\bcprov-jdk15on-1.60.jar;F:\Maven\Maven-repo\org\springframework\cloud\spring-cloud-netflix-ribbon\2.2.0.RELEASE\spring-cloud-netflix-ribbon-2.2.0.RELEASE.jar;F:\Maven\Maven-repo\org\springframework\cloud\spring-cloud-netflix-archaius\2.2.0.RELEASE\spring-cloud-netflix-archaius-2.2.0.RELEASE.jar;F:\Maven\Maven-repo\org\springframework\cloud\spring-cloud-starter-netflix-archaius\2.2.0.RELEASE\spring-cloud-starter-netflix-archaius-2.2.0.RELEASE.jar;F:\Maven\Maven-repo\com\netflix\archaius\archaius-core\0.7.6\archaius-core-0.7.6.jar;F:\Maven\Maven-repo\com\google\code\findbugs\jsr305\3.0.1\jsr305-3.0.1.jar;F:\Maven\Maven-repo\commons-configuration\commons-configuration\1.8\commons-configuration-1.8.jar;F:\Maven\Maven-repo\com\netflix\ribbon\ribbon\2.3.0\ribbon-2.3.0.jar;F:\Maven\Maven-repo\com\netflix\ribbon\ribbon-transport\2.3.0\ribbon-transport-2.3.0.jar;F:\Maven\Maven-repo\io\reactivex\rxnetty-contexts\0.4.9\rxnetty-contexts-0.4.9.jar;F:\Maven\Maven-repo\io\reactivex\rxnetty-servo\0.4.9\rxnetty-servo-0.4.9.jar;F:\Maven\Maven-repo\javax\inject\javax.inject\1\javax.inject-1.jar;F:\Maven\Maven-repo\io\reactivex\rxnetty\0.4.9\rxnetty-0.4.9.jar;F:\Maven\Maven-repo\com\netflix\ribbon\ribbon-core\2.3.0\ribbon-core-2.3.0.jar;F:\Maven\Maven-repo\commons-lang\commons-lang\2.6\commons-lang-2.6.jar;F:\Maven\Maven-repo\com\netflix\ribbon\ribbon-httpclient\2.3.0\ribbon-httpclient-2.3.0.jar;F:\Maven\Maven-repo\commons-collections\commons-collections\3.2.2\commons-collections-3.2.2.jar;F:\Maven\Maven-repo\com\sun\jersey\jersey-client\1.19.1\jersey-client-1.19.1.jar;F:\Maven\Maven-repo\com\sun\jersey\jersey-core\1.19.1\jersey-core-1.19.1.jar;F:\Maven\Maven-repo\javax\ws\rs\jsr311-api\1.1.1\jsr311-api-1.1.1.jar;F:\Maven\Maven-repo\com\sun\jersey\contribs\jersey-apache-client4\1.19.1\jersey-apache-client4-1.19.1.jar;F:\Maven\Maven-repo\com\netflix\servo\servo-core\0.12.21\servo-core-0.12.21.jar;F:\Maven\Maven-repo\com\netflix\netflix-commons\netflix-commons-util\0.3.0\netflix-commons-util-0.3.0.jar;F:\Maven\Maven-repo\com\netflix\ribbon\ribbon-loadbalancer\2.3.0\ribbon-loadbalancer-2.3.0.jar;F:\Maven\Maven-repo\com\netflix\netflix-commons\netflix-statistics\0.1.1\netflix-statistics-0.1.1.jar;F:\Maven\Maven-repo\io\reactivex\rxjava\1.3.8\rxjava-1.3.8.jar;F:\Maven\Maven-repo\org\springframework\cloud\spring-cloud-starter-netflix-hystrix\2.2.0.RELEASE\spring-cloud-starter-netflix-hystrix-2.2.0.RELEASE.jar;F:\Maven\Maven-repo\org\springframework\cloud\spring-cloud-netflix-hystrix\2.2.0.RELEASE\spring-cloud-netflix-hystrix-2.2.0.RELEASE.jar;F:\Maven\Maven-repo\org\springframework\boot\spring-boot-starter-aop\2.2.1.RELEASE\spring-boot-starter-aop-2.2.1.RELEASE.jar;F:\Maven\Maven-repo\com\netflix\hystrix\hystrix-core\1.5.18\hystrix-core-1.5.18.jar;F:\Maven\Maven-repo\org\hdrhistogram\HdrHistogram\2.1.9\HdrHistogram-2.1.9.jar;F:\Maven\Maven-repo\com\netflix\hystrix\hystrix-serialization\1.5.18\hystrix-serialization-1.5.18.jar;F:\Maven\Maven-repo\com\fasterxml\jackson\module\jackson-module-afterburner\2.10.0\jackson-module-afterburner-2.10.0.jar;F:\Maven\Maven-repo\com\fasterxml\jackson\core\jackson-core\2.10.0\jackson-core-2.10.0.jar;F:\Maven\Maven-repo\com\fasterxml\jackson\core\jackson-annotations\2.10.0\jackson-annotations-2.10.0.jar;F:\Maven\Maven-repo\com\netflix\hystrix\hystrix-metrics-event-stream\1.5.18\hystrix-metrics-event-stream-1.5.18.jar;F:\Maven\Maven-repo\com\netflix\hystrix\hystrix-javanica\1.5.18\hystrix-javanica-1.5.18.jar;F:\Maven\Maven-repo\org\ow2\asm\asm\5.0.4\asm-5.0.4.jar;F:\Maven\Maven-repo\org\aspectj\aspectjweaver\1.9.4\aspectjweaver-1.9.4.jar;F:\Maven\Maven-repo\io\reactivex\rxjava-reactive-streams\1.2.1\rxjava-reactive-streams-1.2.1.jar;F:\Maven\Maven-repo\org\reactivestreams\reactive-streams\1.0.3\reactive-streams-1.0.3.jar;F:\Maven\Maven-repo\org\springframework\cloud\spring-cloud-starter-alibaba-nacos-discovery\0.2.2.RELEASE\spring-cloud-starter-alibaba-nacos-discovery-0.2.2.RELEASE.jar;F:\Maven\Maven-repo\org\springframework\cloud\spring-cloud-alibaba-nacos-discovery\0.2.2.RELEASE\spring-cloud-alibaba-nacos-discovery-0.2.2.RELEASE.jar;F:\Maven\Maven-repo\com\alibaba\nacos\nacos-client\1.0.0\nacos-client-1.0.0.jar;F:\Maven\Maven-repo\com\alibaba\nacos\nacos-common\1.0.0\nacos-common-1.0.0.jar;F:\Maven\Maven-repo\com\alibaba\nacos\nacos-api\1.0.0\nacos-api-1.0.0.jar;F:\Maven\Maven-repo\io\prometheus\simpleclient\0.5.0\simpleclient-0.5.0.jar;F:\Maven\Maven-repo\org\springframework\cloud\spring-cloud-starter-openfeign\2.2.0.RELEASE\spring-cloud-starter-openfeign-2.2.0.RELEASE.jar;F:\Maven\Maven-repo\org\springframework\cloud\spring-cloud-openfeign-core\2.2.0.RELEASE\spring-cloud-openfeign-core-2.2.0.RELEASE.jar;F:\Maven\Maven-repo\io\github\openfeign\form\feign-form-spring\3.8.0\feign-form-spring-3.8.0.jar;F:\Maven\Maven-repo\io\github\openfeign\form\feign-form\3.8.0\feign-form-3.8.0.jar;F:\Maven\Maven-repo\org\springframework\spring-web\5.2.1.RELEASE\spring-web-5.2.1.RELEASE.jar;F:\Maven\Maven-repo\org\springframework\spring-beans\5.2.1.RELEASE\spring-beans-5.2.1.RELEASE.jar;F:\Maven\Maven-repo\org\springframework\spring-core\5.2.1.RELEASE\spring-core-5.2.1.RELEASE.jar;F:\Maven\Maven-repo\org\springframework\spring-jcl\5.2.1.RELEASE\spring-jcl-5.2.1.RELEASE.jar;F:\Maven\Maven-repo\org\springframework\cloud\spring-cloud-commons\2.2.0.RELEASE\spring-cloud-commons-2.2.0.RELEASE.jar;F:\Maven\Maven-repo\org\springframework\security\spring-security-crypto\5.2.1.RELEASE\spring-security-crypto-5.2.1.RELEASE.jar;F:\Maven\Maven-repo\io\github\openfeign\feign-core\10.4.0\feign-core-10.4.0.jar;F:\Maven\Maven-repo\io\github\openfeign\feign-slf4j\10.4.0\feign-slf4j-10.4.0.jar;F:\Maven\Maven-repo\io\github\openfeign\feign-hystrix\10.4.0\feign-hystrix-10.4.0.jar;F:\Maven\Maven-repo\org\springframework\boot\spring-boot-starter-web\2.2.1.RELEASE\spring-boot-starter-web-2.2.1.RELEASE.jar;F:\Maven\Maven-repo\org\springframework\boot\spring-boot-starter\2.2.1.RELEASE\spring-boot-starter-2.2.1.RELEASE.jar;F:\Maven\Maven-repo\org\springframework\boot\spring-boot\2.2.1.RELEASE\spring-boot-2.2.1.RELEASE.jar;F:\Maven\Maven-repo\org\springframework\boot\spring-boot-starter-logging\2.2.1.RELEASE\spring-boot-starter-logging-2.2.1.RELEASE.jar;F:\Maven\Maven-repo\ch\qos\logback\logback-classic\1.2.3\logback-classic-1.2.3.jar;F:\Maven\Maven-repo\ch\qos\logback\logback-core\1.2.3\logback-core-1.2.3.jar;F:\Maven\Maven-repo\org\apache\logging\log4j\log4j-to-slf4j\2.12.1\log4j-to-slf4j-2.12.1.jar;F:\Maven\Maven-repo\org\apache\logging\log4j\log4j-api\2.12.1\log4j-api-2.12.1.jar;F:\Maven\Maven-repo\org\slf4j\jul-to-slf4j\1.7.29\jul-to-slf4j-1.7.29.jar;F:\Maven\Maven-repo\jakarta\annotation\jakarta.annotation-api\1.3.5\jakarta.annotation-api-1.3.5.jar;F:\Maven\Maven-repo\org\yaml\snakeyaml\1.25\snakeyaml-1.25.jar;F:\Maven\Maven-repo\org\springframework\boot\spring-boot-starter-json\2.2.1.RELEASE\spring-boot-starter-json-2.2.1.RELEASE.jar;F:\Maven\Maven-repo\com\fasterxml\jackson\datatype\jackson-datatype-jdk8\2.10.0\jackson-datatype-jdk8-2.10.0.jar;F:\Maven\Maven-repo\com\fasterxml\jackson\datatype\jackson-datatype-jsr310\2.10.0\jackson-datatype-jsr310-2.10.0.jar;F:\Maven\Maven-repo\com\fasterxml\jackson\module\jackson-module-parameter-names\2.10.0\jackson-module-parameter-names-2.10.0.jar;F:\Maven\Maven-repo\org\springframework\boot\spring-boot-starter-tomcat\2.2.1.RELEASE\spring-boot-starter-tomcat-2.2.1.RELEASE.jar;F:\Maven\Maven-repo\org\apache\tomcat\embed\tomcat-embed-core\9.0.27\tomcat-embed-core-9.0.27.jar;F:\Maven\Maven-repo\org\apache\tomcat\embed\tomcat-embed-el\9.0.27\tomcat-embed-el-9.0.27.jar;F:\Maven\Maven-repo\org\apache\tomcat\embed\tomcat-embed-websocket\9.0.27\tomcat-embed-websocket-9.0.27.jar;F:\Maven\Maven-repo\org\springframework\boot\spring-boot-starter-validation\2.2.1.RELEASE\spring-boot-starter-validation-2.2.1.RELEASE.jar;F:\Maven\Maven-repo\jakarta\validation\jakarta.validation-api\2.0.1\jakarta.validation-api-2.0.1.jar;F:\Maven\Maven-repo\org\hibernate\validator\hibernate-validator\6.0.18.Final\hibernate-validator-6.0.18.Final.jar;F:\Maven\Maven-repo\org\jboss\logging\jboss-logging\3.4.1.Final\jboss-logging-3.4.1.Final.jar;F:\Maven\Maven-repo\org\springframework\spring-webmvc\5.2.1.RELEASE\spring-webmvc-5.2.1.RELEASE.jar;F:\Maven\Maven-repo\org\springframework\spring-aop\5.2.1.RELEASE\spring-aop-5.2.1.RELEASE.jar;F:\Maven\Maven-repo\org\springframework\spring-context\5.2.1.RELEASE\spring-context-5.2.1.RELEASE.jar;F:\Maven\Maven-repo\org\springframework\spring-expression\5.2.1.RELEASE\spring-expression-5.2.1.RELEASE.jar;F:\Maven\Maven-repo\com\baomidou\mybatis-plus-boot-starter\3.0.7\mybatis-plus-boot-starter-3.0.7.jar;F:\Maven\Maven-repo\com\baomidou\mybatis-plus\3.0.7\mybatis-plus-3.0.7.jar;F:\Maven\Maven-repo\org\springframework\boot\spring-boot-autoconfigure\2.2.1.RELEASE\spring-boot-autoconfigure-2.2.1.RELEASE.jar;F:\Maven\Maven-repo\org\springframework\boot\spring-boot-starter-jdbc\2.2.1.RELEASE\spring-boot-starter-jdbc-2.2.1.RELEASE.jar;F:\Maven\Maven-repo\com\zaxxer\HikariCP\3.4.1\HikariCP-3.4.1.jar;F:\Maven\Maven-repo\org\springframework\spring-jdbc\5.2.1.RELEASE\spring-jdbc-5.2.1.RELEASE.jar;F:\Maven\Maven-repo\com\baomidou\mybatis-plus-generator\3.0.7\mybatis-plus-generator-3.0.7.jar;F:\Maven\Maven-repo\com\baomidou\mybatis-plus-extension\3.0.7\mybatis-plus-extension-3.0.7.jar;F:\Maven\Maven-repo\com\baomidou\mybatis-plus-core\3.0.7\mybatis-plus-core-3.0.7.jar;F:\Maven\Maven-repo\com\baomidou\mybatis-plus-annotation\3.0.7\mybatis-plus-annotation-3.0.7.jar;F:\Maven\Maven-repo\com\github\jsqlparser\jsqlparser\1.3\jsqlparser-1.3.jar;F:\Maven\Maven-repo\org\mybatis\mybatis-spring\1.3.2\mybatis-spring-1.3.2.jar;F:\Maven\Maven-repo\org\mybatis\mybatis\3.4.6\mybatis-3.4.6.jar;F:\Maven\Maven-repo\mysql\mysql-connector-java\8.0.18\mysql-connector-java-8.0.18.jar;F:\Maven\Maven-repo\org\apache\velocity\velocity-engine-core\2.0\velocity-engine-core-2.0.jar;F:\Maven\Maven-repo\org\apache\commons\commons-lang3\3.9\commons-lang3-3.9.jar;F:\Maven\Maven-repo\io\springfox\springfox-swagger2\2.9.2\springfox-swagger2-2.9.2.jar;F:\Maven\Maven-repo\io\swagger\swagger-annotations\1.5.20\swagger-annotations-1.5.20.jar;F:\Maven\Maven-repo\io\swagger\swagger-models\1.5.20\swagger-models-1.5.20.jar;F:\Maven\Maven-repo\io\springfox\springfox-spi\2.9.2\springfox-spi-2.9.2.jar;F:\Maven\Maven-repo\io\springfox\springfox-core\2.9.2\springfox-core-2.9.2.jar;F:\Maven\Maven-repo\net\bytebuddy\byte-buddy\1.10.2\byte-buddy-1.10.2.jar;F:\Maven\Maven-repo\io\springfox\springfox-schema\2.9.2\springfox-schema-2.9.2.jar;F:\Maven\Maven-repo\io\springfox\springfox-swagger-common\2.9.2\springfox-swagger-common-2.9.2.jar;F:\Maven\Maven-repo\io\springfox\springfox-spring-web\2.9.2\springfox-spring-web-2.9.2.jar;F:\Maven\Maven-repo\com\google\guava\guava\20.0\guava-20.0.jar;F:\Maven\Maven-repo\com\fasterxml\classmate\1.5.1\classmate-1.5.1.jar;F:\Maven\Maven-repo\org\springframework\plugin\spring-plugin-core\1.2.0.RELEASE\spring-plugin-core-1.2.0.RELEASE.jar;F:\Maven\Maven-repo\org\springframework\plugin\spring-plugin-metadata\1.2.0.RELEASE\spring-plugin-metadata-1.2.0.RELEASE.jar;F:\Maven\Maven-repo\org\mapstruct\mapstruct\1.2.0.Final\mapstruct-1.2.0.Final.jar;F:\Maven\Maven-repo\io\springfox\springfox-swagger-ui\2.9.2\springfox-swagger-ui-2.9.2.jar;F:\Maven\Maven-repo\org\projectlombok\lombok\1.18.10\lombok-1.18.10.jar;F:\Maven\Maven-repo\org\apache\poi\poi\3.17\poi-3.17.jar;F:\Maven\Maven-repo\commons-codec\commons-codec\1.13\commons-codec-1.13.jar;F:\Maven\Maven-repo\org\apache\commons\commons-collections4\4.1\commons-collections4-4.1.jar;F:\Maven\Maven-repo\org\apache\poi\poi-ooxml\3.17\poi-ooxml-3.17.jar;F:\Maven\Maven-repo\org\apache\poi\poi-ooxml-schemas\3.17\poi-ooxml-schemas-3.17.jar;F:\Maven\Maven-repo\org\apache\xmlbeans\xmlbeans\2.6.0\xmlbeans-2.6.0.jar;F:\Maven\Maven-repo\com\github\virtuald\curvesapi\1.04\curvesapi-1.04.jar;F:\Maven\Maven-repo\commons-fileupload\commons-fileupload\1.3.1\commons-fileupload-1.3.1.jar;F:\Maven\Maven-repo\org\apache\httpcomponents\httpclient\4.5.1\httpclient-4.5.1.jar;F:\Maven\Maven-repo\commons-io\commons-io\2.6\commons-io-2.6.jar;F:\Maven\Maven-repo\junit\junit\4.12\junit-4.12.jar;F:\Maven\Maven-repo\org\hamcrest\hamcrest-core\2.1\hamcrest-core-2.1.jar;F:\Maven\Maven-repo\org\hamcrest\hamcrest\2.1\hamcrest-2.1.jar;"/>
    <property name="sun.cpu.endian" value="little"/>
    <property name="user.home" value="C:\Users\lenovo"/>
    <property name="user.language" value="zh"/>
    <property name="java.specification.vendor" value="Oracle Corporation"/>
    <property name="java.home" value="C:\Program Files\Java\jdk1.8.0_92\jre"/>
    <property name="basedir" value="F:\IDEA\discrete\discrete-service\service-video"/>
    <property name="file.separator" value="\"/>
    <property name="line.separator" value="&#10;"/>
    <property name="java.vm.specification.vendor" value="Oracle Corporation"/>
    <property name="java.specification.name" value="Java Platform API Specification"/>
    <property name="java.awt.graphicsenv" value="sun.awt.Win32GraphicsEnvironment"/>
    <property name="surefire.real.class.path" value="C:\Users\lenovo\AppData\Local\Temp\surefire5590067017305078267\surefirebooter3660045909383685924.jar"/>
    <property name="sun.boot.class.path" value="C:\Program Files\Java\jdk1.8.0_92\jre\lib\resources.jar;C:\Program Files\Java\jdk1.8.0_92\jre\lib\rt.jar;C:\Program Files\Java\jdk1.8.0_92\jre\lib\sunrsasign.jar;C:\Program Files\Java\jdk1.8.0_92\jre\lib\jsse.jar;C:\Program Files\Java\jdk1.8.0_92\jre\lib\jce.jar;C:\Program Files\Java\jdk1.8.0_92\jre\lib\charsets.jar;C:\Program Files\Java\jdk1.8.0_92\jre\lib\jfr.jar;C:\Program Files\Java\jdk1.8.0_92\jre\classes"/>
    <property name="user.script" value=""/>
    <property name="sun.management.compiler" value="HotSpot 64-Bit Tiered Compilers"/>
    <property name="java.runtime.version" value="1.8.0_92-b14"/>
    <property name="user.name" value="lenovo"/>
    <property name="path.separator" value=";"/>
    <property name="os.version" value="10.0"/>
    <property name="java.endorsed.dirs" value="C:\Program Files\Java\jdk1.8.0_92\jre\lib\endorsed"/>
    <property name="java.runtime.name" value="Java(TM) SE Runtime Environment"/>
    <property name="file.encoding" value="GBK"/>
    <property name="java.vm.name" value="Java HotSpot(TM) 64-Bit Server VM"/>
    <property name="localRepository" value="F:\Maven\Maven-repo"/>
    <property name="java.vendor.url.bug" value="http://bugreport.sun.com/bugreport/"/>
    <property name="java.io.tmpdir" value="C:\Users\lenovo\AppData\Local\Temp\"/>
    <property name="idea.version" value="2021.2"/>
    <property name="java.version" value="1.8.0_92"/>
    <property name="user.dir" value="F:\IDEA\discrete\discrete-service\service-video"/>
    <property name="os.arch" value="amd64"/>
    <property name="java.vm.specification.name" value="Java Virtual Machine Specification"/>
    <property name="java.awt.printerjob" value="sun.awt.windows.WPrinterJob"/>
    <property name="sun.os.patch.level" value=""/>
    <property name="java.library.path" value="C:\Program Files\Java\jdk1.8.0_92\jre\bin;C:\WINDOWS\Sun\Java\bin;C:\WINDOWS\system32;C:\WINDOWS;C:\Program Files\Java\jdk1.8.0_92\bin;C:\WINDOWS\system32;C:\WINDOWS;C:\WINDOWS\System32\Wbem;C:\WINDOWS\System32\WindowsPowerShell\v1.0\;C:\WINDOWS\System32\OpenSSH\;F:\PyCharm\phantomJs\phantomjs-2.1.1-windows\bin;F:\Spark\scala-2.12.4\bin;F:\Anaconda;F:\Anaconda\Scripts;C:\Users\lenovo\AppData\Local\Microsoft\WindowsApps;C:\WINDOWS\SysWOW64;C:\WINDOWS\system32;C:\WINDOWS;C:\WINDOWS\System32\Wbem;C:\WINDOWS\System32\WindowsPowerShell\v1.0\;C:\WINDOWS\System32\OpenSSH\;C:\Program Files\dotnet\;C:\Program Files\Microsoft SQL Server\130\Tools\Binn\;C:\Program Files\Microsoft SQL Server\Client SDK\ODBC\170\Tools\Binn\;F:\XShell\;F:\XShell\Xftp\;C:\Program Files (x86)\NVIDIA Corporation\PhysX\Common;C:\Program Files\NVIDIA Corporation\NVIDIA NvDLISR;F:\apache\apache-tomcat-9.0.60-windows-x64\apache-tomcat-9.0.60\lib;F:\apache\apache-tomcat-9.0.60-windows-x64\apache-tomcat-9.0.60\bin;F:\Maven\apache-maven-3.8.4\bin;F:\MySQL\bin;F:\Git\Git\cmd;F:\Apache\NodeJs\;F:\Apache\NodeJs\node_global;C:\Program Files\Java\jdk1.8.0_92\bin;C:\WINDOWS\system32;C:\WINDOWS;C:\WINDOWS\System32\Wbem;C:\WINDOWS\System32\WindowsPowerShell\v1.0\;C:\WINDOWS\System32\OpenSSH\;F:\PyCharm\phantomJs\phantomjs-2.1.1-windows\bin;F:\Spark\scala-2.12.4\bin;F:\Anaconda;F:\Anaconda\Scripts;C:\Users\lenovo\AppData\Local\Microsoft\WindowsApps;C:\WINDOWS\SysWOW64;C:\WINDOWS\system32;C:\WINDOWS;C:\WINDOWS\System32\Wbem;C:\WINDOWS\System32\WindowsPowerShell\v1.0\;C:\WINDOWS\System32\OpenSSH\;C:\Program Files\dotnet\;C:\Program Files\Microsoft SQL Server\130\Tools\Binn\;C:\Program Files\Microsoft SQL Server\Client SDK\ODBC\170\Tools\Binn\;F:\XShell\;F:\XShell\Xftp\;C:\Program Files (x86)\NVIDIA Corporation\PhysX\Common;C:\Program Files\NVIDIA Corporation\NVIDIA NvDLISR;F:\apache\apache-tomcat-9.0.60-windows-x64\apache-tomcat-9.0.60\lib;F:\apache\apache-tomcat-9.0.60-windows-x64\apache-tomcat-9.0.60\bin;F:\Maven\apache-maven-3.8.4\bin;F:\MySQL\bin;E:\工具\antdownload3.0.2\config\maria2c.exe;C:\Users\lenovo\AppData\Roaming\npm;."/>
    <property name="java.vm.info" value="mixed mode"/>
    <property name="java.vendor" value="Oracle Corporation"/>
    <property name="java.vm.version" value="25.92-b14"/>
    <property name="java.ext.dirs" value="C:\Program Files\Java\jdk1.8.0_92\jre\lib\ext;C:\WINDOWS\Sun\Java\lib\ext"/>
    <property name="sun.io.unicode.encoding" value="UnicodeLittle"/>
    <property name="java.class.version" value="52.0"/>
  </properties>
  <testcase name="testDeleteVideo" classname="VodTest" time="1.442"/>
  <testcase name="testGetVideoPlayUrl" classname="VodTest" time="0.048">
    <error message="MissingAccessKeyId : AccessKeyId is mandatory for this action.&#10;RequestId : 861C5C3C-D35F-5AD6-9FCA-8A3F7AD1FE99" type="com.aliyuncs.exceptions.ClientException">com.aliyuncs.exceptions.ClientException: 
MissingAccessKeyId : AccessKeyId is mandatory for this action.
RequestId : 861C5C3C-D35F-5AD6-9FCA-8A3F7AD1FE99
	at VodTest.testGetVideoPlayUrl(VodTest.java:55)
</error>
    <system-out><![CDATA[12:28:29.603 [main] DEBUG org.apache.http.client.protocol.RequestAddCookies - CookieSpec selected: default
12:28:29.603 [main] DEBUG org.apache.http.client.protocol.RequestAuthCache - Auth cache not set in the context
12:28:29.603 [main] DEBUG org.apache.http.impl.conn.PoolingHttpClientConnectionManager - Connection request: [route: {}->http://vod.cn-shanghai.aliyuncs.com:80][total kept alive: 1; route allocated: 1 of 5; total allocated: 1 of 64]
12:28:29.603 [main] DEBUG org.apache.http.impl.conn.PoolingHttpClientConnectionManager - Connection leased: [id: 0][route: {}->http://vod.cn-shanghai.aliyuncs.com:80][total kept alive: 0; route allocated: 1 of 5; total allocated: 1 of 64]
12:28:29.603 [main] DEBUG org.apache.http.impl.conn.DefaultManagedHttpClientConnection - http-outgoing-0: set socket timeout to 10000
12:28:29.603 [main] DEBUG org.apache.http.impl.execchain.MainClientExec - Executing request POST /?SignatureVersion=1.0&Action=GetPlayInfo&ServiceCode=vod&Format=JSON&VideoId=a2503099835347b285dd6d494a96ac91&SignatureNonce=7fdaa6d8-f9b2-43df-b280-f841f401794016785089096011&Version=2017-03-21&AccessKeyId=&Signature=GkuK2UDem8rDzZWNNfbv7yyuFuU%3D&SignatureMethod=HMAC-SHA1&RegionId=cn-shanghai&Timestamp=2023-03-11T04%3A28%3A29Z HTTP/1.1
12:28:29.604 [main] DEBUG org.apache.http.impl.execchain.MainClientExec - Target auth state: UNCHALLENGED
12:28:29.604 [main] DEBUG org.apache.http.impl.execchain.MainClientExec - Proxy auth state: UNCHALLENGED
12:28:29.613 [main] DEBUG org.apache.http.headers - http-outgoing-0 >> POST /?SignatureVersion=1.0&Action=GetPlayInfo&ServiceCode=vod&Format=JSON&VideoId=a2503099835347b285dd6d494a96ac91&SignatureNonce=7fdaa6d8-f9b2-43df-b280-f841f401794016785089096011&Version=2017-03-21&AccessKeyId=&Signature=GkuK2UDem8rDzZWNNfbv7yyuFuU%3D&SignatureMethod=HMAC-SHA1&RegionId=cn-shanghai&Timestamp=2023-03-11T04%3A28%3A29Z HTTP/1.1
12:28:29.613 [main] DEBUG org.apache.http.headers - http-outgoing-0 >> Accept-Encoding: identity
12:28:29.613 [main] DEBUG org.apache.http.headers - http-outgoing-0 >> x-sdk-invoke-type: normal
12:28:29.613 [main] DEBUG org.apache.http.headers - http-outgoing-0 >> Accept: application/json
12:28:29.614 [main] DEBUG org.apache.http.headers - http-outgoing-0 >> x-sdk-client: Java/2.0.0
12:28:29.615 [main] DEBUG org.apache.http.headers - http-outgoing-0 >> User-Agent: AlibabaCloud (Windows 10; amd64) Java/1.8.0_92-b14 Core/4.5.1 HTTPClient/ApacheHttpClient
12:28:29.615 [main] DEBUG org.apache.http.headers - http-outgoing-0 >> Content-Type: application/x-www-form-urlencoded
12:28:29.616 [main] DEBUG org.apache.http.headers - http-outgoing-0 >> Host: vod.cn-shanghai.aliyuncs.com
12:28:29.616 [main] DEBUG org.apache.http.headers - http-outgoing-0 >> Connection: Keep-Alive
12:28:29.616 [main] DEBUG org.apache.http.wire - http-outgoing-0 >> "POST /?SignatureVersion=1.0&Action=GetPlayInfo&ServiceCode=vod&Format=JSON&VideoId=a2503099835347b285dd6d494a96ac91&SignatureNonce=7fdaa6d8-f9b2-43df-b280-f841f401794016785089096011&Version=2017-03-21&AccessKeyId=&Signature=GkuK2UDem8rDzZWNNfbv7yyuFuU%3D&SignatureMethod=HMAC-SHA1&RegionId=cn-shanghai&Timestamp=2023-03-11T04%3A28%3A29Z HTTP/1.1[\r][\n]"
12:28:29.616 [main] DEBUG org.apache.http.wire - http-outgoing-0 >> "Accept-Encoding: identity[\r][\n]"
12:28:29.617 [main] DEBUG org.apache.http.wire - http-outgoing-0 >> "x-sdk-invoke-type: normal[\r][\n]"
12:28:29.617 [main] DEBUG org.apache.http.wire - http-outgoing-0 >> "Accept: application/json[\r][\n]"
12:28:29.617 [main] DEBUG org.apache.http.wire - http-outgoing-0 >> "x-sdk-client: Java/2.0.0[\r][\n]"
12:28:29.617 [main] DEBUG org.apache.http.wire - http-outgoing-0 >> "User-Agent: AlibabaCloud (Windows 10; amd64) Java/1.8.0_92-b14 Core/4.5.1 HTTPClient/ApacheHttpClient[\r][\n]"
12:28:29.618 [main] DEBUG org.apache.http.wire - http-outgoing-0 >> "Content-Type: application/x-www-form-urlencoded[\r][\n]"
12:28:29.618 [main] DEBUG org.apache.http.wire - http-outgoing-0 >> "Host: vod.cn-shanghai.aliyuncs.com[\r][\n]"
12:28:29.618 [main] DEBUG org.apache.http.wire - http-outgoing-0 >> "Connection: Keep-Alive[\r][\n]"
12:28:29.618 [main] DEBUG org.apache.http.wire - http-outgoing-0 >> "[\r][\n]"
12:28:29.646 [main] DEBUG org.apache.http.wire - http-outgoing-0 << "HTTP/1.1 400 Bad Request[\r][\n]"
12:28:29.647 [main] DEBUG org.apache.http.wire - http-outgoing-0 << "Date: Sat, 11 Mar 2023 04:28:29 GMT[\r][\n]"
12:28:29.647 [main] DEBUG org.apache.http.wire - http-outgoing-0 << "Content-Type: application/json;charset=utf-8[\r][\n]"
12:28:29.647 [main] DEBUG org.apache.http.wire - http-outgoing-0 << "Content-Length: 262[\r][\n]"
12:28:29.647 [main] DEBUG org.apache.http.wire - http-outgoing-0 << "Connection: keep-alive[\r][\n]"
12:28:29.647 [main] DEBUG org.apache.http.wire - http-outgoing-0 << "Access-Control-Allow-Origin: *[\r][\n]"
12:28:29.647 [main] DEBUG org.apache.http.wire - http-outgoing-0 << "x-acs-request-id: 861C5C3C-D35F-5AD6-9FCA-8A3F7AD1FE99[\r][\n]"
12:28:29.647 [main] DEBUG org.apache.http.wire - http-outgoing-0 << "x-acs-trace-id: 7e989e22b68e1cd3a3c75f1433d38fd3[\r][\n]"
12:28:29.650 [main] DEBUG org.apache.http.wire - http-outgoing-0 << "[\r][\n]"
12:28:29.650 [main] DEBUG org.apache.http.wire - http-outgoing-0 << "{"RequestId":"861C5C3C-D35F-5AD6-9FCA-8A3F7AD1FE99","Message":"AccessKeyId is mandatory for this action.","Recommend":"https://next.api.aliyun.com/troubleshoot?q=MissingAccessKeyId&product=vod","HostId":"vod.cn-shanghai.aliyuncs.com","Code":"MissingAccessKeyId"}"
12:28:29.650 [main] DEBUG org.apache.http.headers - http-outgoing-0 << HTTP/1.1 400 Bad Request
12:28:29.650 [main] DEBUG org.apache.http.headers - http-outgoing-0 << Date: Sat, 11 Mar 2023 04:28:29 GMT
12:28:29.650 [main] DEBUG org.apache.http.headers - http-outgoing-0 << Content-Type: application/json;charset=utf-8
12:28:29.650 [main] DEBUG org.apache.http.headers - http-outgoing-0 << Content-Length: 262
12:28:29.650 [main] DEBUG org.apache.http.headers - http-outgoing-0 << Connection: keep-alive
12:28:29.650 [main] DEBUG org.apache.http.headers - http-outgoing-0 << Access-Control-Allow-Origin: *
12:28:29.650 [main] DEBUG org.apache.http.headers - http-outgoing-0 << x-acs-request-id: 861C5C3C-D35F-5AD6-9FCA-8A3F7AD1FE99
12:28:29.650 [main] DEBUG org.apache.http.headers - http-outgoing-0 << x-acs-trace-id: 7e989e22b68e1cd3a3c75f1433d38fd3
12:28:29.650 [main] DEBUG org.apache.http.impl.execchain.MainClientExec - Connection can be kept alive for 5000 MILLISECONDS
12:28:29.650 [main] DEBUG org.apache.http.impl.conn.PoolingHttpClientConnectionManager - Connection [id: 0][route: {}->http://vod.cn-shanghai.aliyuncs.com:80] can be kept alive for 5.0 seconds
12:28:29.650 [main] DEBUG org.apache.http.impl.conn.PoolingHttpClientConnectionManager - Connection released: [id: 0][route: {}->http://vod.cn-shanghai.aliyuncs.com:80][total kept alive: 1; route allocated: 1 of 5; total allocated: 1 of 64]
]]></system-out>
  </testcase>
  <testcase name="testGetVodInfo" classname="VodTest" time="0.036">
    <error message="MissingAccessKeyId : AccessKeyId is mandatory for this action.&#10;RequestId : 08C93C7F-62A9-57DC-BE43-D0734EABBAD6" type="com.aliyuncs.exceptions.ClientException">com.aliyuncs.exceptions.ClientException: 
MissingAccessKeyId : AccessKeyId is mandatory for this action.
RequestId : 08C93C7F-62A9-57DC-BE43-D0734EABBAD6
	at VodTest.testGetVodInfo(VodTest.java:141)
</error>
    <system-out><![CDATA[12:28:29.662 [main] DEBUG org.apache.http.client.protocol.RequestAddCookies - CookieSpec selected: default
12:28:29.662 [main] DEBUG org.apache.http.client.protocol.RequestAuthCache - Auth cache not set in the context
12:28:29.662 [main] DEBUG org.apache.http.impl.conn.PoolingHttpClientConnectionManager - Connection request: [route: {}->http://vod.cn-shanghai.aliyuncs.com:80][total kept alive: 1; route allocated: 1 of 5; total allocated: 1 of 64]
12:28:29.662 [main] DEBUG org.apache.http.impl.conn.PoolingHttpClientConnectionManager - Connection leased: [id: 0][route: {}->http://vod.cn-shanghai.aliyuncs.com:80][total kept alive: 0; route allocated: 1 of 5; total allocated: 1 of 64]
12:28:29.662 [main] DEBUG org.apache.http.impl.conn.DefaultManagedHttpClientConnection - http-outgoing-0: set socket timeout to 10000
12:28:29.662 [main] DEBUG org.apache.http.impl.execchain.MainClientExec - Executing request POST /?SignatureVersion=1.0&Action=GetVideoInfo&ServiceCode=vod&Format=JSON&VideoId=ea5a9e9f785847aba08b91280a03f88e&SignatureNonce=7d1025f2-6970-4e9a-9581-6fb5cf870ae516785089096601&Version=2017-03-21&AccessKeyId=&Signature=voha7xrY9STGizKxKNjC9WnIzCw%3D&SignatureMethod=HMAC-SHA1&RegionId=cn-shanghai&Timestamp=2023-03-11T04%3A28%3A29Z HTTP/1.1
12:28:29.662 [main] DEBUG org.apache.http.impl.execchain.MainClientExec - Target auth state: UNCHALLENGED
12:28:29.662 [main] DEBUG org.apache.http.impl.execchain.MainClientExec - Proxy auth state: UNCHALLENGED
12:28:29.663 [main] DEBUG org.apache.http.headers - http-outgoing-0 >> POST /?SignatureVersion=1.0&Action=GetVideoInfo&ServiceCode=vod&Format=JSON&VideoId=ea5a9e9f785847aba08b91280a03f88e&SignatureNonce=7d1025f2-6970-4e9a-9581-6fb5cf870ae516785089096601&Version=2017-03-21&AccessKeyId=&Signature=voha7xrY9STGizKxKNjC9WnIzCw%3D&SignatureMethod=HMAC-SHA1&RegionId=cn-shanghai&Timestamp=2023-03-11T04%3A28%3A29Z HTTP/1.1
12:28:29.663 [main] DEBUG org.apache.http.headers - http-outgoing-0 >> Accept-Encoding: identity
12:28:29.663 [main] DEBUG org.apache.http.headers - http-outgoing-0 >> x-sdk-invoke-type: normal
12:28:29.663 [main] DEBUG org.apache.http.headers - http-outgoing-0 >> Accept: application/json
12:28:29.663 [main] DEBUG org.apache.http.headers - http-outgoing-0 >> x-sdk-client: Java/2.0.0
12:28:29.663 [main] DEBUG org.apache.http.headers - http-outgoing-0 >> User-Agent: AlibabaCloud (Windows 10; amd64) Java/1.8.0_92-b14 Core/4.5.1 HTTPClient/ApacheHttpClient
12:28:29.663 [main] DEBUG org.apache.http.headers - http-outgoing-0 >> Content-Type: application/x-www-form-urlencoded
12:28:29.663 [main] DEBUG org.apache.http.headers - http-outgoing-0 >> Host: vod.cn-shanghai.aliyuncs.com
12:28:29.663 [main] DEBUG org.apache.http.headers - http-outgoing-0 >> Connection: Keep-Alive
12:28:29.663 [main] DEBUG org.apache.http.wire - http-outgoing-0 >> "POST /?SignatureVersion=1.0&Action=GetVideoInfo&ServiceCode=vod&Format=JSON&VideoId=ea5a9e9f785847aba08b91280a03f88e&SignatureNonce=7d1025f2-6970-4e9a-9581-6fb5cf870ae516785089096601&Version=2017-03-21&AccessKeyId=&Signature=voha7xrY9STGizKxKNjC9WnIzCw%3D&SignatureMethod=HMAC-SHA1&RegionId=cn-shanghai&Timestamp=2023-03-11T04%3A28%3A29Z HTTP/1.1[\r][\n]"
12:28:29.663 [main] DEBUG org.apache.http.wire - http-outgoing-0 >> "Accept-Encoding: identity[\r][\n]"
12:28:29.663 [main] DEBUG org.apache.http.wire - http-outgoing-0 >> "x-sdk-invoke-type: normal[\r][\n]"
12:28:29.663 [main] DEBUG org.apache.http.wire - http-outgoing-0 >> "Accept: application/json[\r][\n]"
12:28:29.663 [main] DEBUG org.apache.http.wire - http-outgoing-0 >> "x-sdk-client: Java/2.0.0[\r][\n]"
12:28:29.663 [main] DEBUG org.apache.http.wire - http-outgoing-0 >> "User-Agent: AlibabaCloud (Windows 10; amd64) Java/1.8.0_92-b14 Core/4.5.1 HTTPClient/ApacheHttpClient[\r][\n]"
12:28:29.663 [main] DEBUG org.apache.http.wire - http-outgoing-0 >> "Content-Type: application/x-www-form-urlencoded[\r][\n]"
12:28:29.663 [main] DEBUG org.apache.http.wire - http-outgoing-0 >> "Host: vod.cn-shanghai.aliyuncs.com[\r][\n]"
12:28:29.663 [main] DEBUG org.apache.http.wire - http-outgoing-0 >> "Connection: Keep-Alive[\r][\n]"
12:28:29.663 [main] DEBUG org.apache.http.wire - http-outgoing-0 >> "[\r][\n]"
12:28:29.692 [main] DEBUG org.apache.http.wire - http-outgoing-0 << "HTTP/1.1 400 Bad Request[\r][\n]"
12:28:29.692 [main] DEBUG org.apache.http.wire - http-outgoing-0 << "Date: Sat, 11 Mar 2023 04:28:29 GMT[\r][\n]"
12:28:29.692 [main] DEBUG org.apache.http.wire - http-outgoing-0 << "Content-Type: application/json;charset=utf-8[\r][\n]"
12:28:29.692 [main] DEBUG org.apache.http.wire - http-outgoing-0 << "Content-Length: 262[\r][\n]"
12:28:29.692 [main] DEBUG org.apache.http.wire - http-outgoing-0 << "Connection: keep-alive[\r][\n]"
12:28:29.692 [main] DEBUG org.apache.http.wire - http-outgoing-0 << "Access-Control-Allow-Origin: *[\r][\n]"
12:28:29.692 [main] DEBUG org.apache.http.wire - http-outgoing-0 << "x-acs-request-id: 08C93C7F-62A9-57DC-BE43-D0734EABBAD6[\r][\n]"
12:28:29.692 [main] DEBUG org.apache.http.wire - http-outgoing-0 << "x-acs-trace-id: 58f6d3fa8fe7ab3b9958496f0ddf3bb5[\r][\n]"
12:28:29.692 [main] DEBUG org.apache.http.wire - http-outgoing-0 << "[\r][\n]"
12:28:29.692 [main] DEBUG org.apache.http.wire - http-outgoing-0 << "{"RequestId":"08C93C7F-62A9-57DC-BE43-D0734EABBAD6","Message":"AccessKeyId is mandatory for this action.","Recommend":"https://next.api.aliyun.com/troubleshoot?q=MissingAccessKeyId&product=vod","HostId":"vod.cn-shanghai.aliyuncs.com","Code":"MissingAccessKeyId"}"
12:28:29.692 [main] DEBUG org.apache.http.headers - http-outgoing-0 << HTTP/1.1 400 Bad Request
12:28:29.692 [main] DEBUG org.apache.http.headers - http-outgoing-0 << Date: Sat, 11 Mar 2023 04:28:29 GMT
12:28:29.692 [main] DEBUG org.apache.http.headers - http-outgoing-0 << Content-Type: application/json;charset=utf-8
12:28:29.692 [main] DEBUG org.apache.http.headers - http-outgoing-0 << Content-Length: 262
12:28:29.692 [main] DEBUG org.apache.http.headers - http-outgoing-0 << Connection: keep-alive
12:28:29.692 [main] DEBUG org.apache.http.headers - http-outgoing-0 << Access-Control-Allow-Origin: *
12:28:29.692 [main] DEBUG org.apache.http.headers - http-outgoing-0 << x-acs-request-id: 08C93C7F-62A9-57DC-BE43-D0734EABBAD6
12:28:29.692 [main] DEBUG org.apache.http.headers - http-outgoing-0 << x-acs-trace-id: 58f6d3fa8fe7ab3b9958496f0ddf3bb5
12:28:29.693 [main] DEBUG org.apache.http.impl.execchain.MainClientExec - Connection can be kept alive for 5000 MILLISECONDS
12:28:29.693 [main] DEBUG org.apache.http.impl.conn.PoolingHttpClientConnectionManager - Connection [id: 0][route: {}->http://vod.cn-shanghai.aliyuncs.com:80] can be kept alive for 5.0 seconds
12:28:29.693 [main] DEBUG org.apache.http.impl.conn.PoolingHttpClientConnectionManager - Connection released: [id: 0][route: {}->http://vod.cn-shanghai.aliyuncs.com:80][total kept alive: 1; route allocated: 1 of 5; total allocated: 1 of 64]
]]></system-out>
  </testcase>
  <testcase name="TestGetVideoUrlAndID" classname="VodTest" time="0.036">
    <error message="MissingAccessKeyId : AccessKeyId is mandatory for this action.&#10;RequestId : 9F22FB88-64C0-5C59-9AB1-47AE3DD4C0B3" type="com.aliyuncs.exceptions.ClientException">com.aliyuncs.exceptions.ClientException: 
MissingAccessKeyId : AccessKeyId is mandatory for this action.
RequestId : 9F22FB88-64C0-5C59-9AB1-47AE3DD4C0B3
	at VodTest.TestGetVideoUrlAndID(VodTest.java:37)
</error>
    <system-out><![CDATA[12:28:29.697 [main] DEBUG org.apache.http.client.protocol.RequestAddCookies - CookieSpec selected: default
12:28:29.697 [main] DEBUG org.apache.http.client.protocol.RequestAuthCache - Auth cache not set in the context
12:28:29.697 [main] DEBUG org.apache.http.impl.conn.PoolingHttpClientConnectionManager - Connection request: [route: {}->http://vod.cn-shanghai.aliyuncs.com:80][total kept alive: 1; route allocated: 1 of 5; total allocated: 1 of 64]
12:28:29.697 [main] DEBUG org.apache.http.impl.conn.PoolingHttpClientConnectionManager - Connection leased: [id: 0][route: {}->http://vod.cn-shanghai.aliyuncs.com:80][total kept alive: 0; route allocated: 1 of 5; total allocated: 1 of 64]
12:28:29.697 [main] DEBUG org.apache.http.impl.conn.DefaultManagedHttpClientConnection - http-outgoing-0: set socket timeout to 10000
12:28:29.697 [main] DEBUG org.apache.http.impl.execchain.MainClientExec - Executing request POST /?Action=CreateUploadVideo&FileName=%E6%B5%8B%E8%AF%95%E8%A7%86%E9%A2%91001.mp4&Title=%E6%B5%8B%E8%AF%95%E8%A7%86%E9%A2%91001&Timestamp=2023-03-11T04%3A28%3A29Z&SignatureVersion=1.0&ServiceCode=vod&Format=JSON&SignatureNonce=50694f98-5105-4e46-b1e2-f2bc3b533e5216785089096961&Version=2017-03-21&AccessKeyId=&Signature=7QvMZkzwF%2Fzjr7GQAyzocuXQg9Q%3D&SignatureMethod=HMAC-SHA1&RegionId=cn-shanghai HTTP/1.1
12:28:29.697 [main] DEBUG org.apache.http.impl.execchain.MainClientExec - Target auth state: UNCHALLENGED
12:28:29.697 [main] DEBUG org.apache.http.impl.execchain.MainClientExec - Proxy auth state: UNCHALLENGED
12:28:29.697 [main] DEBUG org.apache.http.headers - http-outgoing-0 >> POST /?Action=CreateUploadVideo&FileName=%E6%B5%8B%E8%AF%95%E8%A7%86%E9%A2%91001.mp4&Title=%E6%B5%8B%E8%AF%95%E8%A7%86%E9%A2%91001&Timestamp=2023-03-11T04%3A28%3A29Z&SignatureVersion=1.0&ServiceCode=vod&Format=JSON&SignatureNonce=50694f98-5105-4e46-b1e2-f2bc3b533e5216785089096961&Version=2017-03-21&AccessKeyId=&Signature=7QvMZkzwF%2Fzjr7GQAyzocuXQg9Q%3D&SignatureMethod=HMAC-SHA1&RegionId=cn-shanghai HTTP/1.1
12:28:29.697 [main] DEBUG org.apache.http.headers - http-outgoing-0 >> Accept-Encoding: identity
12:28:29.697 [main] DEBUG org.apache.http.headers - http-outgoing-0 >> x-sdk-invoke-type: normal
12:28:29.697 [main] DEBUG org.apache.http.headers - http-outgoing-0 >> Accept: application/json
12:28:29.697 [main] DEBUG org.apache.http.headers - http-outgoing-0 >> x-sdk-client: Java/2.0.0
12:28:29.697 [main] DEBUG org.apache.http.headers - http-outgoing-0 >> User-Agent: AlibabaCloud (Windows 10; amd64) Java/1.8.0_92-b14 Core/4.5.1 HTTPClient/ApacheHttpClient
12:28:29.697 [main] DEBUG org.apache.http.headers - http-outgoing-0 >> Content-Type: application/x-www-form-urlencoded
12:28:29.697 [main] DEBUG org.apache.http.headers - http-outgoing-0 >> Host: vod.cn-shanghai.aliyuncs.com
12:28:29.697 [main] DEBUG org.apache.http.headers - http-outgoing-0 >> Connection: Keep-Alive
12:28:29.698 [main] DEBUG org.apache.http.wire - http-outgoing-0 >> "POST /?Action=CreateUploadVideo&FileName=%E6%B5%8B%E8%AF%95%E8%A7%86%E9%A2%91001.mp4&Title=%E6%B5%8B%E8%AF%95%E8%A7%86%E9%A2%91001&Timestamp=2023-03-11T04%3A28%3A29Z&SignatureVersion=1.0&ServiceCode=vod&Format=JSON&SignatureNonce=50694f98-5105-4e46-b1e2-f2bc3b533e5216785089096961&Version=2017-03-21&AccessKeyId=&Signature=7QvMZkzwF%2Fzjr7GQAyzocuXQg9Q%3D&SignatureMethod=HMAC-SHA1&RegionId=cn-shanghai HTTP/1.1[\r][\n]"
12:28:29.698 [main] DEBUG org.apache.http.wire - http-outgoing-0 >> "Accept-Encoding: identity[\r][\n]"
12:28:29.698 [main] DEBUG org.apache.http.wire - http-outgoing-0 >> "x-sdk-invoke-type: normal[\r][\n]"
12:28:29.698 [main] DEBUG org.apache.http.wire - http-outgoing-0 >> "Accept: application/json[\r][\n]"
12:28:29.698 [main] DEBUG org.apache.http.wire - http-outgoing-0 >> "x-sdk-client: Java/2.0.0[\r][\n]"
12:28:29.698 [main] DEBUG org.apache.http.wire - http-outgoing-0 >> "User-Agent: AlibabaCloud (Windows 10; amd64) Java/1.8.0_92-b14 Core/4.5.1 HTTPClient/ApacheHttpClient[\r][\n]"
12:28:29.698 [main] DEBUG org.apache.http.wire - http-outgoing-0 >> "Content-Type: application/x-www-form-urlencoded[\r][\n]"
12:28:29.698 [main] DEBUG org.apache.http.wire - http-outgoing-0 >> "Host: vod.cn-shanghai.aliyuncs.com[\r][\n]"
12:28:29.698 [main] DEBUG org.apache.http.wire - http-outgoing-0 >> "Connection: Keep-Alive[\r][\n]"
12:28:29.698 [main] DEBUG org.apache.http.wire - http-outgoing-0 >> "[\r][\n]"
12:28:29.726 [main] DEBUG org.apache.http.wire - http-outgoing-0 << "HTTP/1.1 400 Bad Request[\r][\n]"
12:28:29.726 [main] DEBUG org.apache.http.wire - http-outgoing-0 << "Date: Sat, 11 Mar 2023 04:28:29 GMT[\r][\n]"
12:28:29.726 [main] DEBUG org.apache.http.wire - http-outgoing-0 << "Content-Type: application/json;charset=utf-8[\r][\n]"
12:28:29.726 [main] DEBUG org.apache.http.wire - http-outgoing-0 << "Content-Length: 262[\r][\n]"
12:28:29.726 [main] DEBUG org.apache.http.wire - http-outgoing-0 << "Connection: keep-alive[\r][\n]"
12:28:29.726 [main] DEBUG org.apache.http.wire - http-outgoing-0 << "Access-Control-Allow-Origin: *[\r][\n]"
12:28:29.726 [main] DEBUG org.apache.http.wire - http-outgoing-0 << "x-acs-request-id: 9F22FB88-64C0-5C59-9AB1-47AE3DD4C0B3[\r][\n]"
12:28:29.726 [main] DEBUG org.apache.http.wire - http-outgoing-0 << "x-acs-trace-id: cbf914d1785c5d0081dbef5c1f04f349[\r][\n]"
12:28:29.726 [main] DEBUG org.apache.http.wire - http-outgoing-0 << "[\r][\n]"
12:28:29.726 [main] DEBUG org.apache.http.wire - http-outgoing-0 << "{"RequestId":"9F22FB88-64C0-5C59-9AB1-47AE3DD4C0B3","Message":"AccessKeyId is mandatory for this action.","Recommend":"https://next.api.aliyun.com/troubleshoot?q=MissingAccessKeyId&product=vod","HostId":"vod.cn-shanghai.aliyuncs.com","Code":"MissingAccessKeyId"}"
12:28:29.726 [main] DEBUG org.apache.http.headers - http-outgoing-0 << HTTP/1.1 400 Bad Request
12:28:29.726 [main] DEBUG org.apache.http.headers - http-outgoing-0 << Date: Sat, 11 Mar 2023 04:28:29 GMT
12:28:29.726 [main] DEBUG org.apache.http.headers - http-outgoing-0 << Content-Type: application/json;charset=utf-8
12:28:29.726 [main] DEBUG org.apache.http.headers - http-outgoing-0 << Content-Length: 262
12:28:29.726 [main] DEBUG org.apache.http.headers - http-outgoing-0 << Connection: keep-alive
12:28:29.726 [main] DEBUG org.apache.http.headers - http-outgoing-0 << Access-Control-Allow-Origin: *
12:28:29.726 [main] DEBUG org.apache.http.headers - http-outgoing-0 << x-acs-request-id: 9F22FB88-64C0-5C59-9AB1-47AE3DD4C0B3
12:28:29.726 [main] DEBUG org.apache.http.headers - http-outgoing-0 << x-acs-trace-id: cbf914d1785c5d0081dbef5c1f04f349
12:28:29.727 [main] DEBUG org.apache.http.impl.execchain.MainClientExec - Connection can be kept alive for 5000 MILLISECONDS
12:28:29.727 [main] DEBUG org.apache.http.impl.conn.PoolingHttpClientConnectionManager - Connection [id: 0][route: {}->http://vod.cn-shanghai.aliyuncs.com:80] can be kept alive for 5.0 seconds
12:28:29.727 [main] DEBUG org.apache.http.impl.conn.PoolingHttpClientConnectionManager - Connection released: [id: 0][route: {}->http://vod.cn-shanghai.aliyuncs.com:80][total kept alive: 1; route allocated: 1 of 5; total allocated: 1 of 64]
]]></system-out>
  </testcase>
  <testcase name="uploadVideoTest" classname="VodTest" time="0.028"/>
  <testcase name="testGetVodPlayAuth" classname="VodTest" time="0.032">
    <error message="MissingAccessKeyId : AccessKeyId is mandatory for this action.&#10;RequestId : 6CC12437-D844-50AD-B7E3-8AD7D9442231" type="com.aliyuncs.exceptions.ClientException">com.aliyuncs.exceptions.ClientException: 
MissingAccessKeyId : AccessKeyId is mandatory for this action.
RequestId : 6CC12437-D844-50AD-B7E3-8AD7D9442231
	at VodTest.testGetVodPlayAuth(VodTest.java:125)
</error>
    <system-out><![CDATA[12:28:29.753 [main] DEBUG org.apache.http.client.protocol.RequestAddCookies - CookieSpec selected: default
12:28:29.754 [main] DEBUG org.apache.http.client.protocol.RequestAuthCache - Auth cache not set in the context
12:28:29.755 [main] DEBUG org.apache.http.impl.conn.PoolingHttpClientConnectionManager - Connection request: [route: {}->http://vod.cn-shanghai.aliyuncs.com:80][total kept alive: 1; route allocated: 1 of 5; total allocated: 1 of 64]
12:28:29.756 [main] DEBUG org.apache.http.impl.conn.PoolingHttpClientConnectionManager - Connection leased: [id: 0][route: {}->http://vod.cn-shanghai.aliyuncs.com:80][total kept alive: 0; route allocated: 1 of 5; total allocated: 1 of 64]
12:28:29.757 [main] DEBUG org.apache.http.impl.conn.DefaultManagedHttpClientConnection - http-outgoing-0: set socket timeout to 10000
12:28:29.757 [main] DEBUG org.apache.http.impl.execchain.MainClientExec - Executing request POST /?SignatureVersion=1.0&Action=GetVideoPlayAuth&ServiceCode=vod&Format=JSON&VideoId=c80f83b201514c53b785e25d719c62b9&SignatureNonce=80150c83-6bb0-4917-94c3-d3242443cc1216785089097441&Version=2017-03-21&AccessKeyId=&Signature=C2y0xjyCk7Ni%2BJigw2stIwGhFWk%3D&SignatureMethod=HMAC-SHA1&RegionId=cn-shanghai&Timestamp=2023-03-11T04%3A28%3A29Z HTTP/1.1
12:28:29.757 [main] DEBUG org.apache.http.impl.execchain.MainClientExec - Target auth state: UNCHALLENGED
12:28:29.757 [main] DEBUG org.apache.http.impl.execchain.MainClientExec - Proxy auth state: UNCHALLENGED
12:28:29.757 [main] DEBUG org.apache.http.headers - http-outgoing-0 >> POST /?SignatureVersion=1.0&Action=GetVideoPlayAuth&ServiceCode=vod&Format=JSON&VideoId=c80f83b201514c53b785e25d719c62b9&SignatureNonce=80150c83-6bb0-4917-94c3-d3242443cc1216785089097441&Version=2017-03-21&AccessKeyId=&Signature=C2y0xjyCk7Ni%2BJigw2stIwGhFWk%3D&SignatureMethod=HMAC-SHA1&RegionId=cn-shanghai&Timestamp=2023-03-11T04%3A28%3A29Z HTTP/1.1
12:28:29.757 [main] DEBUG org.apache.http.headers - http-outgoing-0 >> Accept-Encoding: identity
12:28:29.757 [main] DEBUG org.apache.http.headers - http-outgoing-0 >> x-sdk-invoke-type: normal
12:28:29.757 [main] DEBUG org.apache.http.headers - http-outgoing-0 >> Accept: application/json
12:28:29.757 [main] DEBUG org.apache.http.headers - http-outgoing-0 >> x-sdk-client: Java/2.0.0
12:28:29.757 [main] DEBUG org.apache.http.headers - http-outgoing-0 >> User-Agent: AlibabaCloud (Windows 10; amd64) Java/1.8.0_92-b14 Core/4.5.1 HTTPClient/ApacheHttpClient
12:28:29.757 [main] DEBUG org.apache.http.headers - http-outgoing-0 >> Content-Type: application/x-www-form-urlencoded
12:28:29.757 [main] DEBUG org.apache.http.headers - http-outgoing-0 >> Host: vod.cn-shanghai.aliyuncs.com
12:28:29.757 [main] DEBUG org.apache.http.headers - http-outgoing-0 >> Connection: Keep-Alive
12:28:29.757 [main] DEBUG org.apache.http.wire - http-outgoing-0 >> "POST /?SignatureVersion=1.0&Action=GetVideoPlayAuth&ServiceCode=vod&Format=JSON&VideoId=c80f83b201514c53b785e25d719c62b9&SignatureNonce=80150c83-6bb0-4917-94c3-d3242443cc1216785089097441&Version=2017-03-21&AccessKeyId=&Signature=C2y0xjyCk7Ni%2BJigw2stIwGhFWk%3D&SignatureMethod=HMAC-SHA1&RegionId=cn-shanghai&Timestamp=2023-03-11T04%3A28%3A29Z HTTP/1.1[\r][\n]"
12:28:29.757 [main] DEBUG org.apache.http.wire - http-outgoing-0 >> "Accept-Encoding: identity[\r][\n]"
12:28:29.757 [main] DEBUG org.apache.http.wire - http-outgoing-0 >> "x-sdk-invoke-type: normal[\r][\n]"
12:28:29.757 [main] DEBUG org.apache.http.wire - http-outgoing-0 >> "Accept: application/json[\r][\n]"
12:28:29.757 [main] DEBUG org.apache.http.wire - http-outgoing-0 >> "x-sdk-client: Java/2.0.0[\r][\n]"
12:28:29.757 [main] DEBUG org.apache.http.wire - http-outgoing-0 >> "User-Agent: AlibabaCloud (Windows 10; amd64) Java/1.8.0_92-b14 Core/4.5.1 HTTPClient/ApacheHttpClient[\r][\n]"
12:28:29.757 [main] DEBUG org.apache.http.wire - http-outgoing-0 >> "Content-Type: application/x-www-form-urlencoded[\r][\n]"
12:28:29.757 [main] DEBUG org.apache.http.wire - http-outgoing-0 >> "Host: vod.cn-shanghai.aliyuncs.com[\r][\n]"
12:28:29.757 [main] DEBUG org.apache.http.wire - http-outgoing-0 >> "Connection: Keep-Alive[\r][\n]"
12:28:29.757 [main] DEBUG org.apache.http.wire - http-outgoing-0 >> "[\r][\n]"
12:28:29.786 [main] DEBUG org.apache.http.wire - http-outgoing-0 << "HTTP/1.1 400 Bad Request[\r][\n]"
12:28:29.786 [main] DEBUG org.apache.http.wire - http-outgoing-0 << "Date: Sat, 11 Mar 2023 04:28:29 GMT[\r][\n]"
12:28:29.786 [main] DEBUG org.apache.http.wire - http-outgoing-0 << "Content-Type: application/json;charset=utf-8[\r][\n]"
12:28:29.786 [main] DEBUG org.apache.http.wire - http-outgoing-0 << "Content-Length: 262[\r][\n]"
12:28:29.786 [main] DEBUG org.apache.http.wire - http-outgoing-0 << "Connection: keep-alive[\r][\n]"
12:28:29.786 [main] DEBUG org.apache.http.wire - http-outgoing-0 << "Access-Control-Allow-Origin: *[\r][\n]"
12:28:29.786 [main] DEBUG org.apache.http.wire - http-outgoing-0 << "x-acs-request-id: 6CC12437-D844-50AD-B7E3-8AD7D9442231[\r][\n]"
12:28:29.786 [main] DEBUG org.apache.http.wire - http-outgoing-0 << "x-acs-trace-id: 1d08e18c959a1bb6e48acc96b8979f61[\r][\n]"
12:28:29.786 [main] DEBUG org.apache.http.wire - http-outgoing-0 << "[\r][\n]"
12:28:29.786 [main] DEBUG org.apache.http.wire - http-outgoing-0 << "{"RequestId":"6CC12437-D844-50AD-B7E3-8AD7D9442231","Message":"AccessKeyId is mandatory for this action.","Recommend":"https://next.api.aliyun.com/troubleshoot?q=MissingAccessKeyId&product=vod","HostId":"vod.cn-shanghai.aliyuncs.com","Code":"MissingAccessKeyId"}"
12:28:29.786 [main] DEBUG org.apache.http.headers - http-outgoing-0 << HTTP/1.1 400 Bad Request
12:28:29.786 [main] DEBUG org.apache.http.headers - http-outgoing-0 << Date: Sat, 11 Mar 2023 04:28:29 GMT
12:28:29.786 [main] DEBUG org.apache.http.headers - http-outgoing-0 << Content-Type: application/json;charset=utf-8
12:28:29.786 [main] DEBUG org.apache.http.headers - http-outgoing-0 << Content-Length: 262
12:28:29.786 [main] DEBUG org.apache.http.headers - http-outgoing-0 << Connection: keep-alive
12:28:29.786 [main] DEBUG org.apache.http.headers - http-outgoing-0 << Access-Control-Allow-Origin: *
12:28:29.786 [main] DEBUG org.apache.http.headers - http-outgoing-0 << x-acs-request-id: 6CC12437-D844-50AD-B7E3-8AD7D9442231
12:28:29.786 [main] DEBUG org.apache.http.headers - http-outgoing-0 << x-acs-trace-id: 1d08e18c959a1bb6e48acc96b8979f61
12:28:29.786 [main] DEBUG org.apache.http.impl.execchain.MainClientExec - Connection can be kept alive for 5000 MILLISECONDS
12:28:29.787 [main] DEBUG org.apache.http.impl.conn.PoolingHttpClientConnectionManager - Connection [id: 0][route: {}->http://vod.cn-shanghai.aliyuncs.com:80] can be kept alive for 5.0 seconds
12:28:29.787 [main] DEBUG org.apache.http.impl.conn.PoolingHttpClientConnectionManager - Connection released: [id: 0][route: {}->http://vod.cn-shanghai.aliyuncs.com:80][total kept alive: 1; route allocated: 1 of 5; total allocated: 1 of 64]
]]></system-out>
  </testcase>
</testsuite>